{"level":30,"time":1641553125976,"pid":23756,"hostname":"DESKTOP-U7HBUMQ","msg":"Server listening at http://0.0.0.0:4000"}
{"level":30,"time":1641553190845,"pid":27896,"hostname":"DESKTOP-U7HBUMQ","msg":"Server listening at http://0.0.0.0:4000"}
{"level":30,"time":1641553309032,"pid":20800,"hostname":"DESKTOP-U7HBUMQ","msg":"Server listening at http://0.0.0.0:4000"}
{"level":30,"time":1641553427696,"pid":7896,"hostname":"DESKTOP-U7HBUMQ","msg":"Server listening at http://0.0.0.0:4000"}
{"level":30,"time":1641553427697,"pid":7896,"hostname":"DESKTOP-U7HBUMQ","msg":"Server listenen on 4000 port"}
{"level":30,"time":1641553622523,"pid":15408,"hostname":"DESKTOP-U7HBUMQ","msg":"Server listening at http://0.0.0.0:4000"}
{"level":30,"time":1641554965137,"pid":30572,"hostname":"DESKTOP-U7HBUMQ","msg":"Server listening at http://0.0.0.0:4000"}
{"level":30,"time":1641554975201,"pid":5160,"hostname":"DESKTOP-U7HBUMQ","msg":"Server listening at http://0.0.0.0:4000"}
{"level":30,"time":1641564184616,"pid":12280,"hostname":"DESKTOP-U7HBUMQ","msg":"Server listening at http://0.0.0.0:4000"}
{"level":30,"time":1641564218760,"pid":12280,"hostname":"DESKTOP-U7HBUMQ","reqId":"req-1","req":{"method":"GET","url":"/users","query":{"/users":null},"parameters":{},"body":null},"msg":"incoming request"}
{"level":30,"time":1641564218767,"pid":12280,"hostname":"DESKTOP-U7HBUMQ","reqId":"req-1","res":{"statusCode":200},"responseTime":6.24930000025779,"msg":"request completed"}
{"level":30,"time":1641564218787,"pid":12280,"hostname":"DESKTOP-U7HBUMQ","reqId":"req-2","req":{"method":"POST","url":"/users","query":{"/users":null},"parameters":{},"body":null},"msg":"incoming request"}
{"level":30,"time":1641564218790,"pid":12280,"hostname":"DESKTOP-U7HBUMQ","reqId":"req-2","body":{"name":"TEST_USER","login":"test_user","password":"T35t_P@55w0rd"},"msg":"parsed body"}
{"level":30,"time":1641564218793,"pid":12280,"hostname":"DESKTOP-U7HBUMQ","reqId":"req-2","res":{"statusCode":201},"responseTime":5.456499999389052,"msg":"request completed"}
{"level":30,"time":1641564218799,"pid":12280,"hostname":"DESKTOP-U7HBUMQ","reqId":"req-3","req":{"method":"GET","url":"/users/f0fcdfd5-535e-4a82-8145-80dca58403d6","query":{"/users/f0fcdfd5-535e-4a82-8145-80dca58403d6":null},"parameters":{"userId":"f0fcdfd5-535e-4a82-8145-80dca58403d6"},"body":null},"msg":"incoming request"}
{"level":30,"time":1641564218800,"pid":12280,"hostname":"DESKTOP-U7HBUMQ","reqId":"req-3","res":{"statusCode":200},"responseTime":0.8062999993562698,"msg":"request completed"}
{"level":30,"time":1641564218804,"pid":12280,"hostname":"DESKTOP-U7HBUMQ","reqId":"req-4","req":{"method":"DELETE","url":"/users/f0fcdfd5-535e-4a82-8145-80dca58403d6","query":{"/users/f0fcdfd5-535e-4a82-8145-80dca58403d6":null},"parameters":{"userId":"f0fcdfd5-535e-4a82-8145-80dca58403d6"},"body":null},"msg":"incoming request"}
{"level":30,"time":1641564218805,"pid":12280,"hostname":"DESKTOP-U7HBUMQ","reqId":"req-4","res":{"statusCode":204},"responseTime":0.8438999997451901,"msg":"request completed"}
{"level":30,"time":1641564218811,"pid":12280,"hostname":"DESKTOP-U7HBUMQ","reqId":"req-5","req":{"method":"POST","url":"/users","query":{"/users":null},"parameters":{},"body":null},"msg":"incoming request"}
{"level":30,"time":1641564218812,"pid":12280,"hostname":"DESKTOP-U7HBUMQ","reqId":"req-5","body":{"name":"TEST_USER","login":"test_user","password":"T35t_P@55w0rd"},"msg":"parsed body"}
{"level":30,"time":1641564218812,"pid":12280,"hostname":"DESKTOP-U7HBUMQ","reqId":"req-5","res":{"statusCode":201},"responseTime":1.3706000000238419,"msg":"request completed"}
{"level":30,"time":1641564218819,"pid":12280,"hostname":"DESKTOP-U7HBUMQ","reqId":"req-6","req":{"method":"DELETE","url":"/users/21c792ad-e03d-481b-b481-f1a259395f09","query":{"/users/21c792ad-e03d-481b-b481-f1a259395f09":null},"parameters":{"userId":"21c792ad-e03d-481b-b481-f1a259395f09"},"body":null},"msg":"incoming request"}
{"level":30,"time":1641564218819,"pid":12280,"hostname":"DESKTOP-U7HBUMQ","reqId":"req-6","res":{"statusCode":204},"responseTime":0.401099999435246,"msg":"request completed"}
{"level":30,"time":1641564218823,"pid":12280,"hostname":"DESKTOP-U7HBUMQ","reqId":"req-7","req":{"method":"POST","url":"/users","query":{"/users":null},"parameters":{},"body":null},"msg":"incoming request"}
{"level":30,"time":1641564218823,"pid":12280,"hostname":"DESKTOP-U7HBUMQ","reqId":"req-7","body":{"name":"TEST_USER","login":"test_user","password":"T35t_P@55w0rd"},"msg":"parsed body"}
{"level":30,"time":1641564218824,"pid":12280,"hostname":"DESKTOP-U7HBUMQ","reqId":"req-7","res":{"statusCode":201},"responseTime":0.6974999997764826,"msg":"request completed"}
{"level":30,"time":1641564218830,"pid":12280,"hostname":"DESKTOP-U7HBUMQ","reqId":"req-8","req":{"method":"PUT","url":"/users/15a77b39-9e93-4ff3-91c0-feb57126de36","query":{"/users/15a77b39-9e93-4ff3-91c0-feb57126de36":null},"parameters":{"userId":"15a77b39-9e93-4ff3-91c0-feb57126de36"},"body":null},"msg":"incoming request"}
{"level":30,"time":1641564218831,"pid":12280,"hostname":"DESKTOP-U7HBUMQ","reqId":"req-8","body":{"name":"Autotest updated TEST_USER","login":"test_user","password":"T35t_P@55w0rd","id":"15a77b39-9e93-4ff3-91c0-feb57126de36"},"msg":"parsed body"}
{"level":30,"time":1641564218831,"pid":12280,"hostname":"DESKTOP-U7HBUMQ","reqId":"req-8","res":{"statusCode":200},"responseTime":0.9455000003799796,"msg":"request completed"}
{"level":30,"time":1641564218837,"pid":12280,"hostname":"DESKTOP-U7HBUMQ","reqId":"req-9","req":{"method":"GET","url":"/users/15a77b39-9e93-4ff3-91c0-feb57126de36","query":{"/users/15a77b39-9e93-4ff3-91c0-feb57126de36":null},"parameters":{"userId":"15a77b39-9e93-4ff3-91c0-feb57126de36"},"body":null},"msg":"incoming request"}
{"level":30,"time":1641564218838,"pid":12280,"hostname":"DESKTOP-U7HBUMQ","reqId":"req-9","res":{"statusCode":200},"responseTime":0.5559000000357628,"msg":"request completed"}
{"level":30,"time":1641564218842,"pid":12280,"hostname":"DESKTOP-U7HBUMQ","reqId":"req-a","req":{"method":"DELETE","url":"/users/15a77b39-9e93-4ff3-91c0-feb57126de36","query":{"/users/15a77b39-9e93-4ff3-91c0-feb57126de36":null},"parameters":{"userId":"15a77b39-9e93-4ff3-91c0-feb57126de36"},"body":null},"msg":"incoming request"}
{"level":30,"time":1641564218843,"pid":12280,"hostname":"DESKTOP-U7HBUMQ","reqId":"req-a","res":{"statusCode":204},"responseTime":1.3033000007271767,"msg":"request completed"}
{"level":30,"time":1641564218848,"pid":12280,"hostname":"DESKTOP-U7HBUMQ","reqId":"req-b","req":{"method":"POST","url":"/users","query":{"/users":null},"parameters":{},"body":null},"msg":"incoming request"}
{"level":30,"time":1641564218848,"pid":12280,"hostname":"DESKTOP-U7HBUMQ","reqId":"req-b","body":{"name":"TEST_USER","login":"test_user","password":"T35t_P@55w0rd"},"msg":"parsed body"}
{"level":30,"time":1641564218849,"pid":12280,"hostname":"DESKTOP-U7HBUMQ","reqId":"req-b","res":{"statusCode":201},"responseTime":0.594200000166893,"msg":"request completed"}
{"level":30,"time":1641564218853,"pid":12280,"hostname":"DESKTOP-U7HBUMQ","reqId":"req-c","req":{"method":"DELETE","url":"/users/015667fa-9dd0-4f0b-9192-f248763da1ff","query":{"/users/015667fa-9dd0-4f0b-9192-f248763da1ff":null},"parameters":{"userId":"015667fa-9dd0-4f0b-9192-f248763da1ff"},"body":null},"msg":"incoming request"}
{"level":30,"time":1641564218854,"pid":12280,"hostname":"DESKTOP-U7HBUMQ","reqId":"req-c","res":{"statusCode":204},"responseTime":0.43759999983012676,"msg":"request completed"}
{"level":30,"time":1641564218859,"pid":12280,"hostname":"DESKTOP-U7HBUMQ","reqId":"req-d","req":{"method":"POST","url":"/users","query":{"/users":null},"parameters":{},"body":null},"msg":"incoming request"}
{"level":30,"time":1641564218859,"pid":12280,"hostname":"DESKTOP-U7HBUMQ","reqId":"req-d","body":{"name":"TEST_USER","login":"test_user","password":"T35t_P@55w0rd"},"msg":"parsed body"}
{"level":30,"time":1641564218860,"pid":12280,"hostname":"DESKTOP-U7HBUMQ","reqId":"req-d","res":{"statusCode":201},"responseTime":1.3135000001639128,"msg":"request completed"}
{"level":30,"time":1641564218868,"pid":12280,"hostname":"DESKTOP-U7HBUMQ","reqId":"req-e","req":{"method":"POST","url":"/boards","query":{"/boards":null},"parameters":{},"body":null},"msg":"incoming request"}
{"level":30,"time":1641564218869,"pid":12280,"hostname":"DESKTOP-U7HBUMQ","reqId":"req-e","body":{"title":"Autotest board","columns":[{"title":"Backlog","order":1},{"title":"Sprint","order":2}]},"msg":"parsed body"}
{"level":30,"time":1641564218870,"pid":12280,"hostname":"DESKTOP-U7HBUMQ","reqId":"req-e","res":{"statusCode":201},"responseTime":1.5338999992236495,"msg":"request completed"}
{"level":30,"time":1641564218875,"pid":12280,"hostname":"DESKTOP-U7HBUMQ","reqId":"req-f","req":{"method":"POST","url":"/boards/29cb2b49-f9d2-4e9b-8859-c3c2176bb66c/tasks","query":{"/boards/29cb2b49-f9d2-4e9b-8859-c3c2176bb66c/tasks":null},"parameters":{"boardId":"29cb2b49-f9d2-4e9b-8859-c3c2176bb66c"},"body":null},"msg":"incoming request"}
{"level":30,"time":1641564218876,"pid":12280,"hostname":"DESKTOP-U7HBUMQ","reqId":"req-f","body":{"title":"Task #1","order":1,"description":"Lorem ipsum","userId":"1f74a5ad-371a-45b5-b7a7-d55b75b4da54","boardId":"29cb2b49-f9d2-4e9b-8859-c3c2176bb66c"},"msg":"parsed body"}
{"level":30,"time":1641564218878,"pid":12280,"hostname":"DESKTOP-U7HBUMQ","reqId":"req-f","res":{"statusCode":201},"responseTime":2.2110999999567866,"msg":"request completed"}
{"level":30,"time":1641564218878,"pid":12280,"hostname":"DESKTOP-U7HBUMQ","reqId":"req-g","req":{"method":"POST","url":"/boards/29cb2b49-f9d2-4e9b-8859-c3c2176bb66c/tasks","query":{"/boards/29cb2b49-f9d2-4e9b-8859-c3c2176bb66c/tasks":null},"parameters":{"boardId":"29cb2b49-f9d2-4e9b-8859-c3c2176bb66c"},"body":null},"msg":"incoming request"}
{"level":30,"time":1641564218879,"pid":12280,"hostname":"DESKTOP-U7HBUMQ","reqId":"req-g","body":{"title":"Task #2","order":2,"description":"Lorem ipsum","userId":"1f74a5ad-371a-45b5-b7a7-d55b75b4da54","boardId":"29cb2b49-f9d2-4e9b-8859-c3c2176bb66c"},"msg":"parsed body"}
{"level":30,"time":1641564218879,"pid":12280,"hostname":"DESKTOP-U7HBUMQ","reqId":"req-g","res":{"statusCode":201},"responseTime":0.7698999997228384,"msg":"request completed"}
{"level":30,"time":1641564218883,"pid":12280,"hostname":"DESKTOP-U7HBUMQ","reqId":"req-h","req":{"method":"DELETE","url":"/users/1f74a5ad-371a-45b5-b7a7-d55b75b4da54","query":{"/users/1f74a5ad-371a-45b5-b7a7-d55b75b4da54":null},"parameters":{"userId":"1f74a5ad-371a-45b5-b7a7-d55b75b4da54"},"body":null},"msg":"incoming request"}
{"level":30,"time":1641564218884,"pid":12280,"hostname":"DESKTOP-U7HBUMQ","reqId":"req-h","res":{"statusCode":204},"responseTime":0.42200000025331974,"msg":"request completed"}
{"level":30,"time":1641564218888,"pid":12280,"hostname":"DESKTOP-U7HBUMQ","reqId":"req-i","req":{"method":"GET","url":"/boards/29cb2b49-f9d2-4e9b-8859-c3c2176bb66c/tasks/b41b4816-4d1e-48d8-bb3d-0c88f36743be","query":{"/boards/29cb2b49-f9d2-4e9b-8859-c3c2176bb66c/tasks/b41b4816-4d1e-48d8-bb3d-0c88f36743be":null},"parameters":{"boardId":"29cb2b49-f9d2-4e9b-8859-c3c2176bb66c","taskId":"b41b4816-4d1e-48d8-bb3d-0c88f36743be"},"body":null},"msg":"incoming request"}
{"level":30,"time":1641564218889,"pid":12280,"hostname":"DESKTOP-U7HBUMQ","reqId":"req-i","res":{"statusCode":200},"responseTime":0.7467000000178814,"msg":"request completed"}
{"level":30,"time":1641564218894,"pid":12280,"hostname":"DESKTOP-U7HBUMQ","reqId":"req-j","req":{"method":"GET","url":"/boards/29cb2b49-f9d2-4e9b-8859-c3c2176bb66c/tasks/0458b637-202d-4cdd-83fc-9997bfd998c9","query":{"/boards/29cb2b49-f9d2-4e9b-8859-c3c2176bb66c/tasks/0458b637-202d-4cdd-83fc-9997bfd998c9":null},"parameters":{"boardId":"29cb2b49-f9d2-4e9b-8859-c3c2176bb66c","taskId":"0458b637-202d-4cdd-83fc-9997bfd998c9"},"body":null},"msg":"incoming request"}
{"level":30,"time":1641564218894,"pid":12280,"hostname":"DESKTOP-U7HBUMQ","reqId":"req-j","res":{"statusCode":200},"responseTime":0.46810000017285347,"msg":"request completed"}
{"level":30,"time":1641564218902,"pid":12280,"hostname":"DESKTOP-U7HBUMQ","reqId":"req-k","req":{"method":"DELETE","url":"/boards/29cb2b49-f9d2-4e9b-8859-c3c2176bb66c/tasks/b41b4816-4d1e-48d8-bb3d-0c88f36743be","query":{"/boards/29cb2b49-f9d2-4e9b-8859-c3c2176bb66c/tasks/b41b4816-4d1e-48d8-bb3d-0c88f36743be":null},"parameters":{"boardId":"29cb2b49-f9d2-4e9b-8859-c3c2176bb66c","taskId":"b41b4816-4d1e-48d8-bb3d-0c88f36743be"},"body":null},"msg":"incoming request"}
{"level":30,"time":1641564218903,"pid":12280,"hostname":"DESKTOP-U7HBUMQ","reqId":"req-k","res":{"statusCode":204},"responseTime":0.9046999998390675,"msg":"request completed"}
{"level":30,"time":1641564218903,"pid":12280,"hostname":"DESKTOP-U7HBUMQ","reqId":"req-l","req":{"method":"DELETE","url":"/boards/29cb2b49-f9d2-4e9b-8859-c3c2176bb66c/tasks/0458b637-202d-4cdd-83fc-9997bfd998c9","query":{"/boards/29cb2b49-f9d2-4e9b-8859-c3c2176bb66c/tasks/0458b637-202d-4cdd-83fc-9997bfd998c9":null},"parameters":{"boardId":"29cb2b49-f9d2-4e9b-8859-c3c2176bb66c","taskId":"0458b637-202d-4cdd-83fc-9997bfd998c9"},"body":null},"msg":"incoming request"}
{"level":30,"time":1641564218904,"pid":12280,"hostname":"DESKTOP-U7HBUMQ","reqId":"req-l","res":{"statusCode":204},"responseTime":0.4128999998793006,"msg":"request completed"}
{"level":30,"time":1641564218907,"pid":12280,"hostname":"DESKTOP-U7HBUMQ","reqId":"req-m","req":{"method":"DELETE","url":"/boards/29cb2b49-f9d2-4e9b-8859-c3c2176bb66c","query":{"/boards/29cb2b49-f9d2-4e9b-8859-c3c2176bb66c":null},"parameters":{"boardId":"29cb2b49-f9d2-4e9b-8859-c3c2176bb66c"},"body":null},"msg":"incoming request"}
{"level":30,"time":1641564218908,"pid":12280,"hostname":"DESKTOP-U7HBUMQ","reqId":"req-m","res":{"statusCode":204},"responseTime":1.1654000002890825,"msg":"request completed"}
{"level":30,"time":1641564219166,"pid":12280,"hostname":"DESKTOP-U7HBUMQ","reqId":"req-n","req":{"method":"POST","url":"/boards","query":{"/boards":null},"parameters":{},"body":null},"msg":"incoming request"}
{"level":30,"time":1641564219167,"pid":12280,"hostname":"DESKTOP-U7HBUMQ","reqId":"req-n","body":{"title":"Autotest board","columns":[{"title":"Backlog","order":1},{"title":"Sprint","order":2}]},"msg":"parsed body"}
{"level":30,"time":1641564219167,"pid":12280,"hostname":"DESKTOP-U7HBUMQ","reqId":"req-n","res":{"statusCode":201},"responseTime":1.1416999995708466,"msg":"request completed"}
{"level":30,"time":1641564219191,"pid":12280,"hostname":"DESKTOP-U7HBUMQ","reqId":"req-o","req":{"method":"GET","url":"/boards","query":{"/boards":null},"parameters":{},"body":null},"msg":"incoming request"}
{"level":30,"time":1641564219192,"pid":12280,"hostname":"DESKTOP-U7HBUMQ","reqId":"req-o","res":{"statusCode":200},"responseTime":0.8066999996080995,"msg":"request completed"}
{"level":30,"time":1641564219204,"pid":12280,"hostname":"DESKTOP-U7HBUMQ","reqId":"req-p","req":{"method":"GET","url":"/boards","query":{"/boards":null},"parameters":{},"body":null},"msg":"incoming request"}
{"level":30,"time":1641564219204,"pid":12280,"hostname":"DESKTOP-U7HBUMQ","reqId":"req-p","res":{"statusCode":200},"responseTime":0.475899999961257,"msg":"request completed"}
{"level":30,"time":1641564219209,"pid":12280,"hostname":"DESKTOP-U7HBUMQ","reqId":"req-q","req":{"method":"GET","url":"/boards/abe1649d-eaea-4f59-a79f-485a0aa456d8","query":{"/boards/abe1649d-eaea-4f59-a79f-485a0aa456d8":null},"parameters":{"boardId":"abe1649d-eaea-4f59-a79f-485a0aa456d8"},"body":null},"msg":"incoming request"}
{"level":30,"time":1641564219209,"pid":12280,"hostname":"DESKTOP-U7HBUMQ","reqId":"req-q","res":{"statusCode":200},"responseTime":0.5737999994307756,"msg":"request completed"}
{"level":30,"time":1641564219216,"pid":12280,"hostname":"DESKTOP-U7HBUMQ","reqId":"req-r","req":{"method":"POST","url":"/boards","query":{"/boards":null},"parameters":{},"body":null},"msg":"incoming request"}
{"level":30,"time":1641564219216,"pid":12280,"hostname":"DESKTOP-U7HBUMQ","reqId":"req-r","body":{"title":"Autotest board","columns":[{"title":"Backlog","order":1},{"title":"Sprint","order":2}]},"msg":"parsed body"}
{"level":30,"time":1641564219217,"pid":12280,"hostname":"DESKTOP-U7HBUMQ","reqId":"req-r","res":{"statusCode":201},"responseTime":0.9715999998152256,"msg":"request completed"}
{"level":30,"time":1641564219221,"pid":12280,"hostname":"DESKTOP-U7HBUMQ","reqId":"req-s","req":{"method":"DELETE","url":"/boards/6d5ecac8-487b-43b5-9e3d-53d2ab833acc","query":{"/boards/6d5ecac8-487b-43b5-9e3d-53d2ab833acc":null},"parameters":{"boardId":"6d5ecac8-487b-43b5-9e3d-53d2ab833acc"},"body":null},"msg":"incoming request"}
{"level":30,"time":1641564219221,"pid":12280,"hostname":"DESKTOP-U7HBUMQ","reqId":"req-s","res":{"statusCode":204},"responseTime":0.42100000008940697,"msg":"request completed"}
{"level":30,"time":1641564219226,"pid":12280,"hostname":"DESKTOP-U7HBUMQ","reqId":"req-t","req":{"method":"POST","url":"/boards","query":{"/boards":null},"parameters":{},"body":null},"msg":"incoming request"}
{"level":30,"time":1641564219226,"pid":12280,"hostname":"DESKTOP-U7HBUMQ","reqId":"req-t","body":{"title":"Autotest board","columns":[{"title":"Backlog","order":1},{"title":"Sprint","order":2}]},"msg":"parsed body"}
{"level":30,"time":1641564219227,"pid":12280,"hostname":"DESKTOP-U7HBUMQ","reqId":"req-t","res":{"statusCode":201},"responseTime":0.5742000006139278,"msg":"request completed"}
{"level":30,"time":1641564219231,"pid":12280,"hostname":"DESKTOP-U7HBUMQ","reqId":"req-u","req":{"method":"PUT","url":"/boards/ee902cd8-9470-41d4-9e3b-6e9b2d6c362d","query":{"/boards/ee902cd8-9470-41d4-9e3b-6e9b2d6c362d":null},"parameters":{"boardId":"ee902cd8-9470-41d4-9e3b-6e9b2d6c362d"},"body":null},"msg":"incoming request"}
{"level":30,"time":1641564219232,"pid":12280,"hostname":"DESKTOP-U7HBUMQ","reqId":"req-u","body":{"id":"ee902cd8-9470-41d4-9e3b-6e9b2d6c362d","title":"Autotest updated board","columns":[{"title":"Backlog","order":1,"id":"16086e42-7366-4c8e-bf47-87f385078fe3"},{"title":"Sprint","order":2,"id":"a0a8cdcf-d457-4a75-ba69-fd9740299b64"}]},"msg":"parsed body"}
{"level":30,"time":1641564219233,"pid":12280,"hostname":"DESKTOP-U7HBUMQ","reqId":"req-u","res":{"statusCode":200},"responseTime":1.7308000000193715,"msg":"request completed"}
{"level":30,"time":1641564219237,"pid":12280,"hostname":"DESKTOP-U7HBUMQ","reqId":"req-v","req":{"method":"GET","url":"/boards/ee902cd8-9470-41d4-9e3b-6e9b2d6c362d","query":{"/boards/ee902cd8-9470-41d4-9e3b-6e9b2d6c362d":null},"parameters":{"boardId":"ee902cd8-9470-41d4-9e3b-6e9b2d6c362d"},"body":null},"msg":"incoming request"}
{"level":30,"time":1641564219238,"pid":12280,"hostname":"DESKTOP-U7HBUMQ","reqId":"req-v","res":{"statusCode":200},"responseTime":0.3794999998062849,"msg":"request completed"}
{"level":30,"time":1641564219242,"pid":12280,"hostname":"DESKTOP-U7HBUMQ","reqId":"req-w","req":{"method":"DELETE","url":"/boards/ee902cd8-9470-41d4-9e3b-6e9b2d6c362d","query":{"/boards/ee902cd8-9470-41d4-9e3b-6e9b2d6c362d":null},"parameters":{"boardId":"ee902cd8-9470-41d4-9e3b-6e9b2d6c362d"},"body":null},"msg":"incoming request"}
{"level":30,"time":1641564219243,"pid":12280,"hostname":"DESKTOP-U7HBUMQ","reqId":"req-w","res":{"statusCode":204},"responseTime":0.3361999997869134,"msg":"request completed"}
{"level":30,"time":1641564219248,"pid":12280,"hostname":"DESKTOP-U7HBUMQ","reqId":"req-x","req":{"method":"POST","url":"/boards","query":{"/boards":null},"parameters":{},"body":null},"msg":"incoming request"}
{"level":30,"time":1641564219248,"pid":12280,"hostname":"DESKTOP-U7HBUMQ","reqId":"req-x","body":{"title":"Autotest board","columns":[{"title":"Backlog","order":1},{"title":"Sprint","order":2}]},"msg":"parsed body"}
{"level":30,"time":1641564219249,"pid":12280,"hostname":"DESKTOP-U7HBUMQ","reqId":"req-x","res":{"statusCode":201},"responseTime":0.8103999998420477,"msg":"request completed"}
{"level":30,"time":1641564219252,"pid":12280,"hostname":"DESKTOP-U7HBUMQ","reqId":"req-y","req":{"method":"DELETE","url":"/boards/d8031996-624e-4e50-a241-d6ea99c31702","query":{"/boards/d8031996-624e-4e50-a241-d6ea99c31702":null},"parameters":{"boardId":"d8031996-624e-4e50-a241-d6ea99c31702"},"body":null},"msg":"incoming request"}
{"level":30,"time":1641564219252,"pid":12280,"hostname":"DESKTOP-U7HBUMQ","reqId":"req-y","res":{"statusCode":204},"responseTime":0.3184000002220273,"msg":"request completed"}
{"level":30,"time":1641564219255,"pid":12280,"hostname":"DESKTOP-U7HBUMQ","reqId":"req-z","req":{"method":"GET","url":"/boards/d8031996-624e-4e50-a241-d6ea99c31702","query":{"/boards/d8031996-624e-4e50-a241-d6ea99c31702":null},"parameters":{"boardId":"d8031996-624e-4e50-a241-d6ea99c31702"},"body":null},"msg":"incoming request"}
{"level":30,"time":1641564219256,"pid":12280,"hostname":"DESKTOP-U7HBUMQ","reqId":"req-z","res":{"statusCode":404},"responseTime":0.3546000001952052,"msg":"request completed"}
{"level":30,"time":1641564219262,"pid":12280,"hostname":"DESKTOP-U7HBUMQ","reqId":"req-10","req":{"method":"POST","url":"/boards","query":{"/boards":null},"parameters":{},"body":null},"msg":"incoming request"}
{"level":30,"time":1641564219263,"pid":12280,"hostname":"DESKTOP-U7HBUMQ","reqId":"req-10","body":{"title":"Autotest board","columns":[{"title":"Backlog","order":1},{"title":"Sprint","order":2}]},"msg":"parsed body"}
{"level":30,"time":1641564219263,"pid":12280,"hostname":"DESKTOP-U7HBUMQ","reqId":"req-10","res":{"statusCode":201},"responseTime":0.8408000003546476,"msg":"request completed"}
{"level":30,"time":1641564219280,"pid":12280,"hostname":"DESKTOP-U7HBUMQ","reqId":"req-11","req":{"method":"POST","url":"/boards/b93925f0-51c9-452b-9938-9b3a3ae13b4b/tasks","query":{"/boards/b93925f0-51c9-452b-9938-9b3a3ae13b4b/tasks":null},"parameters":{"boardId":"b93925f0-51c9-452b-9938-9b3a3ae13b4b"},"body":null},"msg":"incoming request"}
{"level":30,"time":1641564219281,"pid":12280,"hostname":"DESKTOP-U7HBUMQ","reqId":"req-11","body":{"title":"Task #1","order":1,"description":"Lorem ipsum","boardId":"b93925f0-51c9-452b-9938-9b3a3ae13b4b","userId":null,"columnId":null},"msg":"parsed body"}
{"level":30,"time":1641564219282,"pid":12280,"hostname":"DESKTOP-U7HBUMQ","reqId":"req-11","res":{"statusCode":201},"responseTime":1.242000000551343,"msg":"request completed"}
{"level":30,"time":1641564219282,"pid":12280,"hostname":"DESKTOP-U7HBUMQ","reqId":"req-12","req":{"method":"POST","url":"/boards/b93925f0-51c9-452b-9938-9b3a3ae13b4b/tasks","query":{"/boards/b93925f0-51c9-452b-9938-9b3a3ae13b4b/tasks":null},"parameters":{"boardId":"b93925f0-51c9-452b-9938-9b3a3ae13b4b"},"body":null},"msg":"incoming request"}
{"level":30,"time":1641564219283,"pid":12280,"hostname":"DESKTOP-U7HBUMQ","reqId":"req-12","body":{"title":"Task #2","order":2,"description":"Lorem ipsum","boardId":"b93925f0-51c9-452b-9938-9b3a3ae13b4b","userId":null,"columnId":null},"msg":"parsed body"}
{"level":30,"time":1641564219283,"pid":12280,"hostname":"DESKTOP-U7HBUMQ","reqId":"req-12","res":{"statusCode":201},"responseTime":0.5921000000089407,"msg":"request completed"}
{"level":30,"time":1641564219283,"pid":12280,"hostname":"DESKTOP-U7HBUMQ","reqId":"req-13","req":{"method":"POST","url":"/boards/b93925f0-51c9-452b-9938-9b3a3ae13b4b/tasks","query":{"/boards/b93925f0-51c9-452b-9938-9b3a3ae13b4b/tasks":null},"parameters":{"boardId":"b93925f0-51c9-452b-9938-9b3a3ae13b4b"},"body":null},"msg":"incoming request"}
{"level":30,"time":1641564219284,"pid":12280,"hostname":"DESKTOP-U7HBUMQ","reqId":"req-13","body":{"title":"Task #3","order":3,"description":"Lorem ipsum","boardId":"b93925f0-51c9-452b-9938-9b3a3ae13b4b","userId":null,"columnId":null},"msg":"parsed body"}
{"level":30,"time":1641564219284,"pid":12280,"hostname":"DESKTOP-U7HBUMQ","reqId":"req-13","res":{"statusCode":201},"responseTime":0.8706999998539686,"msg":"request completed"}
{"level":30,"time":1641564219285,"pid":12280,"hostname":"DESKTOP-U7HBUMQ","reqId":"req-14","req":{"method":"POST","url":"/boards/b93925f0-51c9-452b-9938-9b3a3ae13b4b/tasks","query":{"/boards/b93925f0-51c9-452b-9938-9b3a3ae13b4b/tasks":null},"parameters":{"boardId":"b93925f0-51c9-452b-9938-9b3a3ae13b4b"},"body":null},"msg":"incoming request"}
{"level":30,"time":1641564219285,"pid":12280,"hostname":"DESKTOP-U7HBUMQ","reqId":"req-14","body":{"title":"Task #5","order":5,"description":"Lorem ipsum","boardId":"b93925f0-51c9-452b-9938-9b3a3ae13b4b","userId":null,"columnId":null},"msg":"parsed body"}
{"level":30,"time":1641564219285,"pid":12280,"hostname":"DESKTOP-U7HBUMQ","reqId":"req-14","res":{"statusCode":201},"responseTime":0.6228999998420477,"msg":"request completed"}
{"level":30,"time":1641564219285,"pid":12280,"hostname":"DESKTOP-U7HBUMQ","reqId":"req-15","req":{"method":"POST","url":"/boards/b93925f0-51c9-452b-9938-9b3a3ae13b4b/tasks","query":{"/boards/b93925f0-51c9-452b-9938-9b3a3ae13b4b/tasks":null},"parameters":{"boardId":"b93925f0-51c9-452b-9938-9b3a3ae13b4b"},"body":null},"msg":"incoming request"}
{"level":30,"time":1641564219286,"pid":12280,"hostname":"DESKTOP-U7HBUMQ","reqId":"req-15","body":{"title":"Task #4","order":4,"description":"Lorem ipsum","boardId":"b93925f0-51c9-452b-9938-9b3a3ae13b4b","userId":null,"columnId":null},"msg":"parsed body"}
{"level":30,"time":1641564219286,"pid":12280,"hostname":"DESKTOP-U7HBUMQ","reqId":"req-15","res":{"statusCode":201},"responseTime":0.9097999995574355,"msg":"request completed"}
{"level":30,"time":1641564219298,"pid":12280,"hostname":"DESKTOP-U7HBUMQ","reqId":"req-16","req":{"method":"GET","url":"/boards/b93925f0-51c9-452b-9938-9b3a3ae13b4b/tasks/ec2afd95-3da6-4c1e-b923-3d40fcc238ae","query":{"/boards/b93925f0-51c9-452b-9938-9b3a3ae13b4b/tasks/ec2afd95-3da6-4c1e-b923-3d40fcc238ae":null},"parameters":{"boardId":"b93925f0-51c9-452b-9938-9b3a3ae13b4b","taskId":"ec2afd95-3da6-4c1e-b923-3d40fcc238ae"},"body":null},"msg":"incoming request"}
{"level":30,"time":1641564219299,"pid":12280,"hostname":"DESKTOP-U7HBUMQ","reqId":"req-16","res":{"statusCode":200},"responseTime":0.4309000000357628,"msg":"request completed"}
{"level":30,"time":1641564219299,"pid":12280,"hostname":"DESKTOP-U7HBUMQ","reqId":"req-17","req":{"method":"GET","url":"/boards/b93925f0-51c9-452b-9938-9b3a3ae13b4b/tasks/4b7bc566-1a64-4488-98d8-eb25abd2b1fb","query":{"/boards/b93925f0-51c9-452b-9938-9b3a3ae13b4b/tasks/4b7bc566-1a64-4488-98d8-eb25abd2b1fb":null},"parameters":{"boardId":"b93925f0-51c9-452b-9938-9b3a3ae13b4b","taskId":"4b7bc566-1a64-4488-98d8-eb25abd2b1fb"},"body":null},"msg":"incoming request"}
{"level":30,"time":1641564219299,"pid":12280,"hostname":"DESKTOP-U7HBUMQ","reqId":"req-17","res":{"statusCode":200},"responseTime":0.3254999993368983,"msg":"request completed"}
{"level":30,"time":1641564219300,"pid":12280,"hostname":"DESKTOP-U7HBUMQ","reqId":"req-18","req":{"method":"GET","url":"/boards/b93925f0-51c9-452b-9938-9b3a3ae13b4b/tasks/0b249209-db37-4146-a3f8-5a822d0d14ff","query":{"/boards/b93925f0-51c9-452b-9938-9b3a3ae13b4b/tasks/0b249209-db37-4146-a3f8-5a822d0d14ff":null},"parameters":{"boardId":"b93925f0-51c9-452b-9938-9b3a3ae13b4b","taskId":"0b249209-db37-4146-a3f8-5a822d0d14ff"},"body":null},"msg":"incoming request"}
{"level":30,"time":1641564219300,"pid":12280,"hostname":"DESKTOP-U7HBUMQ","reqId":"req-18","res":{"statusCode":200},"responseTime":0.4803999997675419,"msg":"request completed"}
{"level":30,"time":1641564219300,"pid":12280,"hostname":"DESKTOP-U7HBUMQ","reqId":"req-19","req":{"method":"GET","url":"/boards/b93925f0-51c9-452b-9938-9b3a3ae13b4b/tasks/f846cd88-f4d8-4d49-80b6-b4e8e00b8e27","query":{"/boards/b93925f0-51c9-452b-9938-9b3a3ae13b4b/tasks/f846cd88-f4d8-4d49-80b6-b4e8e00b8e27":null},"parameters":{"boardId":"b93925f0-51c9-452b-9938-9b3a3ae13b4b","taskId":"f846cd88-f4d8-4d49-80b6-b4e8e00b8e27"},"body":null},"msg":"incoming request"}
{"level":30,"time":1641564219301,"pid":12280,"hostname":"DESKTOP-U7HBUMQ","reqId":"req-19","res":{"statusCode":200},"responseTime":0.3113000001758337,"msg":"request completed"}
{"level":30,"time":1641564219301,"pid":12280,"hostname":"DESKTOP-U7HBUMQ","reqId":"req-1a","req":{"method":"GET","url":"/boards/b93925f0-51c9-452b-9938-9b3a3ae13b4b/tasks/013f5857-bb6f-4c01-88e7-cb035bd60305","query":{"/boards/b93925f0-51c9-452b-9938-9b3a3ae13b4b/tasks/013f5857-bb6f-4c01-88e7-cb035bd60305":null},"parameters":{"boardId":"b93925f0-51c9-452b-9938-9b3a3ae13b4b","taskId":"013f5857-bb6f-4c01-88e7-cb035bd60305"},"body":null},"msg":"incoming request"}
{"level":30,"time":1641564219301,"pid":12280,"hostname":"DESKTOP-U7HBUMQ","reqId":"req-1a","res":{"statusCode":200},"responseTime":0.39429999981075525,"msg":"request completed"}
{"level":30,"time":1641564219304,"pid":12280,"hostname":"DESKTOP-U7HBUMQ","reqId":"req-1b","req":{"method":"DELETE","url":"/boards/b93925f0-51c9-452b-9938-9b3a3ae13b4b","query":{"/boards/b93925f0-51c9-452b-9938-9b3a3ae13b4b":null},"parameters":{"boardId":"b93925f0-51c9-452b-9938-9b3a3ae13b4b"},"body":null},"msg":"incoming request"}
{"level":30,"time":1641564219304,"pid":12280,"hostname":"DESKTOP-U7HBUMQ","reqId":"req-1b","res":{"statusCode":204},"responseTime":0.39780000038444996,"msg":"request completed"}
{"level":30,"time":1641564219310,"pid":12280,"hostname":"DESKTOP-U7HBUMQ","reqId":"req-1c","req":{"method":"GET","url":"/boards/b93925f0-51c9-452b-9938-9b3a3ae13b4b/tasks/4b7bc566-1a64-4488-98d8-eb25abd2b1fb","query":{"/boards/b93925f0-51c9-452b-9938-9b3a3ae13b4b/tasks/4b7bc566-1a64-4488-98d8-eb25abd2b1fb":null},"parameters":{"boardId":"b93925f0-51c9-452b-9938-9b3a3ae13b4b","taskId":"4b7bc566-1a64-4488-98d8-eb25abd2b1fb"},"body":null},"msg":"incoming request"}
{"level":40,"time":1641564219311,"pid":12280,"hostname":"DESKTOP-U7HBUMQ","reqId":"req-1c","err":{"type":"FastifyError","message":"Reply was already sent.","stack":"FastifyError: Reply was already sent.\n    at _Reply.Reply.send (E:\\RSSchool\\NodeJS\\nodejs2021Q4-service\\node_modules\\fastify\\lib\\reply.js:124:26)\n    at E:\\RSSchool\\NodeJS\\nodejs2021Q4-service\\src\\resources\\tasks\\task.router.ts:35:11\n    at Generator.next (<anonymous>)\n    at E:\\RSSchool\\NodeJS\\nodejs2021Q4-service\\src\\resources\\tasks\\task.router.ts:8:71\n    at new Promise (<anonymous>)\n    at __awaiter (E:\\RSSchool\\NodeJS\\nodejs2021Q4-service\\src\\resources\\tasks\\task.router.ts:4:12)\n    at Object.<anonymous> (E:\\RSSchool\\NodeJS\\nodejs2021Q4-service\\src\\resources\\tasks\\task.router.ts:25:95)\n    at preHandlerCallback (E:\\RSSchool\\NodeJS\\nodejs2021Q4-service\\node_modules\\fastify\\lib\\handleRequest.js:126:28)\n    at next (E:\\RSSchool\\NodeJS\\nodejs2021Q4-service\\node_modules\\fastify\\lib\\hooks.js:158:7)\n    at Object.<anonymous> (E:\\RSSchool\\NodeJS\\nodejs2021Q4-service\\src\\app.ts:16:3)","name":"FastifyError","code":"FST_ERR_REP_ALREADY_SENT","statusCode":500},"msg":"Reply already sent"}
{"level":30,"time":1641564219320,"pid":12280,"hostname":"DESKTOP-U7HBUMQ","reqId":"req-1c","res":{"statusCode":404},"responseTime":9.742499999701977,"msg":"request completed"}
{"level":30,"time":1641564219320,"pid":12280,"hostname":"DESKTOP-U7HBUMQ","reqId":"req-1d","req":{"method":"GET","url":"/boards/b93925f0-51c9-452b-9938-9b3a3ae13b4b/tasks/ec2afd95-3da6-4c1e-b923-3d40fcc238ae","query":{"/boards/b93925f0-51c9-452b-9938-9b3a3ae13b4b/tasks/ec2afd95-3da6-4c1e-b923-3d40fcc238ae":null},"parameters":{"boardId":"b93925f0-51c9-452b-9938-9b3a3ae13b4b","taskId":"ec2afd95-3da6-4c1e-b923-3d40fcc238ae"},"body":null},"msg":"incoming request"}
{"level":40,"time":1641564219321,"pid":12280,"hostname":"DESKTOP-U7HBUMQ","reqId":"req-1d","err":{"type":"FastifyError","message":"Reply was already sent.","stack":"FastifyError: Reply was already sent.\n    at _Reply.Reply.send (E:\\RSSchool\\NodeJS\\nodejs2021Q4-service\\node_modules\\fastify\\lib\\reply.js:124:26)\n    at E:\\RSSchool\\NodeJS\\nodejs2021Q4-service\\src\\resources\\tasks\\task.router.ts:35:11\n    at Generator.next (<anonymous>)\n    at E:\\RSSchool\\NodeJS\\nodejs2021Q4-service\\src\\resources\\tasks\\task.router.ts:8:71\n    at new Promise (<anonymous>)\n    at __awaiter (E:\\RSSchool\\NodeJS\\nodejs2021Q4-service\\src\\resources\\tasks\\task.router.ts:4:12)\n    at Object.<anonymous> (E:\\RSSchool\\NodeJS\\nodejs2021Q4-service\\src\\resources\\tasks\\task.router.ts:25:95)\n    at preHandlerCallback (E:\\RSSchool\\NodeJS\\nodejs2021Q4-service\\node_modules\\fastify\\lib\\handleRequest.js:126:28)\n    at next (E:\\RSSchool\\NodeJS\\nodejs2021Q4-service\\node_modules\\fastify\\lib\\hooks.js:158:7)\n    at Object.<anonymous> (E:\\RSSchool\\NodeJS\\nodejs2021Q4-service\\src\\app.ts:16:3)","name":"FastifyError","code":"FST_ERR_REP_ALREADY_SENT","statusCode":500},"msg":"Reply already sent"}
{"level":30,"time":1641564219322,"pid":12280,"hostname":"DESKTOP-U7HBUMQ","reqId":"req-1d","res":{"statusCode":404},"responseTime":1.4985999995842576,"msg":"request completed"}
{"level":30,"time":1641564219322,"pid":12280,"hostname":"DESKTOP-U7HBUMQ","reqId":"req-1e","req":{"method":"GET","url":"/boards/b93925f0-51c9-452b-9938-9b3a3ae13b4b/tasks/0b249209-db37-4146-a3f8-5a822d0d14ff","query":{"/boards/b93925f0-51c9-452b-9938-9b3a3ae13b4b/tasks/0b249209-db37-4146-a3f8-5a822d0d14ff":null},"parameters":{"boardId":"b93925f0-51c9-452b-9938-9b3a3ae13b4b","taskId":"0b249209-db37-4146-a3f8-5a822d0d14ff"},"body":null},"msg":"incoming request"}
{"level":40,"time":1641564219323,"pid":12280,"hostname":"DESKTOP-U7HBUMQ","reqId":"req-1e","err":{"type":"FastifyError","message":"Reply was already sent.","stack":"FastifyError: Reply was already sent.\n    at _Reply.Reply.send (E:\\RSSchool\\NodeJS\\nodejs2021Q4-service\\node_modules\\fastify\\lib\\reply.js:124:26)\n    at E:\\RSSchool\\NodeJS\\nodejs2021Q4-service\\src\\resources\\tasks\\task.router.ts:35:11\n    at Generator.next (<anonymous>)\n    at E:\\RSSchool\\NodeJS\\nodejs2021Q4-service\\src\\resources\\tasks\\task.router.ts:8:71\n    at new Promise (<anonymous>)\n    at __awaiter (E:\\RSSchool\\NodeJS\\nodejs2021Q4-service\\src\\resources\\tasks\\task.router.ts:4:12)\n    at Object.<anonymous> (E:\\RSSchool\\NodeJS\\nodejs2021Q4-service\\src\\resources\\tasks\\task.router.ts:25:95)\n    at preHandlerCallback (E:\\RSSchool\\NodeJS\\nodejs2021Q4-service\\node_modules\\fastify\\lib\\handleRequest.js:126:28)\n    at next (E:\\RSSchool\\NodeJS\\nodejs2021Q4-service\\node_modules\\fastify\\lib\\hooks.js:158:7)\n    at Object.<anonymous> (E:\\RSSchool\\NodeJS\\nodejs2021Q4-service\\src\\app.ts:16:3)","name":"FastifyError","code":"FST_ERR_REP_ALREADY_SENT","statusCode":500},"msg":"Reply already sent"}
{"level":30,"time":1641564219324,"pid":12280,"hostname":"DESKTOP-U7HBUMQ","reqId":"req-1e","res":{"statusCode":404},"responseTime":1.2914000004529953,"msg":"request completed"}
{"level":30,"time":1641564219324,"pid":12280,"hostname":"DESKTOP-U7HBUMQ","reqId":"req-1f","req":{"method":"GET","url":"/boards/b93925f0-51c9-452b-9938-9b3a3ae13b4b/tasks/f846cd88-f4d8-4d49-80b6-b4e8e00b8e27","query":{"/boards/b93925f0-51c9-452b-9938-9b3a3ae13b4b/tasks/f846cd88-f4d8-4d49-80b6-b4e8e00b8e27":null},"parameters":{"boardId":"b93925f0-51c9-452b-9938-9b3a3ae13b4b","taskId":"f846cd88-f4d8-4d49-80b6-b4e8e00b8e27"},"body":null},"msg":"incoming request"}
{"level":40,"time":1641564219324,"pid":12280,"hostname":"DESKTOP-U7HBUMQ","reqId":"req-1f","err":{"type":"FastifyError","message":"Reply was already sent.","stack":"FastifyError: Reply was already sent.\n    at _Reply.Reply.send (E:\\RSSchool\\NodeJS\\nodejs2021Q4-service\\node_modules\\fastify\\lib\\reply.js:124:26)\n    at E:\\RSSchool\\NodeJS\\nodejs2021Q4-service\\src\\resources\\tasks\\task.router.ts:35:11\n    at Generator.next (<anonymous>)\n    at E:\\RSSchool\\NodeJS\\nodejs2021Q4-service\\src\\resources\\tasks\\task.router.ts:8:71\n    at new Promise (<anonymous>)\n    at __awaiter (E:\\RSSchool\\NodeJS\\nodejs2021Q4-service\\src\\resources\\tasks\\task.router.ts:4:12)\n    at Object.<anonymous> (E:\\RSSchool\\NodeJS\\nodejs2021Q4-service\\src\\resources\\tasks\\task.router.ts:25:95)\n    at preHandlerCallback (E:\\RSSchool\\NodeJS\\nodejs2021Q4-service\\node_modules\\fastify\\lib\\handleRequest.js:126:28)\n    at next (E:\\RSSchool\\NodeJS\\nodejs2021Q4-service\\node_modules\\fastify\\lib\\hooks.js:158:7)\n    at Object.<anonymous> (E:\\RSSchool\\NodeJS\\nodejs2021Q4-service\\src\\app.ts:16:3)","name":"FastifyError","code":"FST_ERR_REP_ALREADY_SENT","statusCode":500},"msg":"Reply already sent"}
{"level":30,"time":1641564219325,"pid":12280,"hostname":"DESKTOP-U7HBUMQ","reqId":"req-1f","res":{"statusCode":404},"responseTime":0.7162999995052814,"msg":"request completed"}
{"level":30,"time":1641564219325,"pid":12280,"hostname":"DESKTOP-U7HBUMQ","reqId":"req-1g","req":{"method":"GET","url":"/boards/b93925f0-51c9-452b-9938-9b3a3ae13b4b/tasks/013f5857-bb6f-4c01-88e7-cb035bd60305","query":{"/boards/b93925f0-51c9-452b-9938-9b3a3ae13b4b/tasks/013f5857-bb6f-4c01-88e7-cb035bd60305":null},"parameters":{"boardId":"b93925f0-51c9-452b-9938-9b3a3ae13b4b","taskId":"013f5857-bb6f-4c01-88e7-cb035bd60305"},"body":null},"msg":"incoming request"}
{"level":40,"time":1641564219325,"pid":12280,"hostname":"DESKTOP-U7HBUMQ","reqId":"req-1g","err":{"type":"FastifyError","message":"Reply was already sent.","stack":"FastifyError: Reply was already sent.\n    at _Reply.Reply.send (E:\\RSSchool\\NodeJS\\nodejs2021Q4-service\\node_modules\\fastify\\lib\\reply.js:124:26)\n    at E:\\RSSchool\\NodeJS\\nodejs2021Q4-service\\src\\resources\\tasks\\task.router.ts:35:11\n    at Generator.next (<anonymous>)\n    at E:\\RSSchool\\NodeJS\\nodejs2021Q4-service\\src\\resources\\tasks\\task.router.ts:8:71\n    at new Promise (<anonymous>)\n    at __awaiter (E:\\RSSchool\\NodeJS\\nodejs2021Q4-service\\src\\resources\\tasks\\task.router.ts:4:12)\n    at Object.<anonymous> (E:\\RSSchool\\NodeJS\\nodejs2021Q4-service\\src\\resources\\tasks\\task.router.ts:25:95)\n    at preHandlerCallback (E:\\RSSchool\\NodeJS\\nodejs2021Q4-service\\node_modules\\fastify\\lib\\handleRequest.js:126:28)\n    at next (E:\\RSSchool\\NodeJS\\nodejs2021Q4-service\\node_modules\\fastify\\lib\\hooks.js:158:7)\n    at Object.<anonymous> (E:\\RSSchool\\NodeJS\\nodejs2021Q4-service\\src\\app.ts:16:3)","name":"FastifyError","code":"FST_ERR_REP_ALREADY_SENT","statusCode":500},"msg":"Reply already sent"}
{"level":30,"time":1641564219326,"pid":12280,"hostname":"DESKTOP-U7HBUMQ","reqId":"req-1g","res":{"statusCode":404},"responseTime":0.7438000002875924,"msg":"request completed"}
{"level":30,"time":1641564219329,"pid":12280,"hostname":"DESKTOP-U7HBUMQ","reqId":"req-1h","req":{"method":"DELETE","url":"/boards/abe1649d-eaea-4f59-a79f-485a0aa456d8","query":{"/boards/abe1649d-eaea-4f59-a79f-485a0aa456d8":null},"parameters":{"boardId":"abe1649d-eaea-4f59-a79f-485a0aa456d8"},"body":null},"msg":"incoming request"}
{"level":30,"time":1641564219329,"pid":12280,"hostname":"DESKTOP-U7HBUMQ","reqId":"req-1h","res":{"statusCode":204},"responseTime":0.39759999979287386,"msg":"request completed"}
{"level":30,"time":1641564219561,"pid":12280,"hostname":"DESKTOP-U7HBUMQ","reqId":"req-1i","req":{"method":"POST","url":"/boards","query":{"/boards":null},"parameters":{},"body":null},"msg":"incoming request"}
{"level":30,"time":1641564219561,"pid":12280,"hostname":"DESKTOP-U7HBUMQ","reqId":"req-1i","body":{"title":"Autotest board","columns":[{"title":"Backlog","order":1},{"title":"Sprint","order":2}]},"msg":"parsed body"}
{"level":30,"time":1641564219562,"pid":12280,"hostname":"DESKTOP-U7HBUMQ","reqId":"req-1i","res":{"statusCode":201},"responseTime":0.6984999999403954,"msg":"request completed"}
{"level":30,"time":1641564219569,"pid":12280,"hostname":"DESKTOP-U7HBUMQ","reqId":"req-1j","req":{"method":"POST","url":"/boards/16a4ff8a-cab9-44bb-bef5-f9bcfad31c9d/tasks","query":{"/boards/16a4ff8a-cab9-44bb-bef5-f9bcfad31c9d/tasks":null},"parameters":{"boardId":"16a4ff8a-cab9-44bb-bef5-f9bcfad31c9d"},"body":null},"msg":"incoming request"}
{"level":30,"time":1641564219569,"pid":12280,"hostname":"DESKTOP-U7HBUMQ","reqId":"req-1j","body":{"title":"Autotest task","order":0,"description":"Lorem ipsum","userId":null,"boardId":"","columnId":null},"msg":"parsed body"}
{"level":30,"time":1641564219569,"pid":12280,"hostname":"DESKTOP-U7HBUMQ","reqId":"req-1j","res":{"statusCode":201},"responseTime":0.44780000019818544,"msg":"request completed"}
{"level":30,"time":1641564219586,"pid":12280,"hostname":"DESKTOP-U7HBUMQ","reqId":"req-1k","req":{"method":"GET","url":"/boards/16a4ff8a-cab9-44bb-bef5-f9bcfad31c9d/tasks","query":{"/boards/16a4ff8a-cab9-44bb-bef5-f9bcfad31c9d/tasks":null},"parameters":{"boardId":"16a4ff8a-cab9-44bb-bef5-f9bcfad31c9d"},"body":null},"msg":"incoming request"}
{"level":30,"time":1641564219587,"pid":12280,"hostname":"DESKTOP-U7HBUMQ","reqId":"req-1k","res":{"statusCode":200},"responseTime":0.4907999997958541,"msg":"request completed"}
{"level":30,"time":1641564219600,"pid":12280,"hostname":"DESKTOP-U7HBUMQ","reqId":"req-1l","req":{"method":"GET","url":"/boards/16a4ff8a-cab9-44bb-bef5-f9bcfad31c9d/tasks","query":{"/boards/16a4ff8a-cab9-44bb-bef5-f9bcfad31c9d/tasks":null},"parameters":{"boardId":"16a4ff8a-cab9-44bb-bef5-f9bcfad31c9d"},"body":null},"msg":"incoming request"}
{"level":30,"time":1641564219601,"pid":12280,"hostname":"DESKTOP-U7HBUMQ","reqId":"req-1l","res":{"statusCode":200},"responseTime":0.5213999999687076,"msg":"request completed"}
{"level":30,"time":1641564219606,"pid":12280,"hostname":"DESKTOP-U7HBUMQ","reqId":"req-1m","req":{"method":"GET","url":"/boards/16a4ff8a-cab9-44bb-bef5-f9bcfad31c9d/tasks/0d6ada9e-0906-4d4d-b686-a91a65e9fc4b","query":{"/boards/16a4ff8a-cab9-44bb-bef5-f9bcfad31c9d/tasks/0d6ada9e-0906-4d4d-b686-a91a65e9fc4b":null},"parameters":{"boardId":"16a4ff8a-cab9-44bb-bef5-f9bcfad31c9d","taskId":"0d6ada9e-0906-4d4d-b686-a91a65e9fc4b"},"body":null},"msg":"incoming request"}
{"level":30,"time":1641564219607,"pid":12280,"hostname":"DESKTOP-U7HBUMQ","reqId":"req-1m","res":{"statusCode":200},"responseTime":0.3996000001206994,"msg":"request completed"}
{"level":30,"time":1641564219614,"pid":12280,"hostname":"DESKTOP-U7HBUMQ","reqId":"req-1n","req":{"method":"POST","url":"/boards/16a4ff8a-cab9-44bb-bef5-f9bcfad31c9d/tasks","query":{"/boards/16a4ff8a-cab9-44bb-bef5-f9bcfad31c9d/tasks":null},"parameters":{"boardId":"16a4ff8a-cab9-44bb-bef5-f9bcfad31c9d"},"body":null},"msg":"incoming request"}
{"level":30,"time":1641564219614,"pid":12280,"hostname":"DESKTOP-U7HBUMQ","reqId":"req-1n","body":{"title":"Autotest task","order":0,"description":"Lorem ipsum","userId":null,"boardId":"","columnId":null},"msg":"parsed body"}
{"level":30,"time":1641564219615,"pid":12280,"hostname":"DESKTOP-U7HBUMQ","reqId":"req-1n","res":{"statusCode":201},"responseTime":0.7013999996706843,"msg":"request completed"}
{"level":30,"time":1641564219620,"pid":12280,"hostname":"DESKTOP-U7HBUMQ","reqId":"req-1o","req":{"method":"DELETE","url":"/boards/16a4ff8a-cab9-44bb-bef5-f9bcfad31c9d/tasks/b20a292a-a024-4fb7-b115-2d2f151c76c6","query":{"/boards/16a4ff8a-cab9-44bb-bef5-f9bcfad31c9d/tasks/b20a292a-a024-4fb7-b115-2d2f151c76c6":null},"parameters":{"boardId":"16a4ff8a-cab9-44bb-bef5-f9bcfad31c9d","taskId":"b20a292a-a024-4fb7-b115-2d2f151c76c6"},"body":null},"msg":"incoming request"}
{"level":30,"time":1641564219621,"pid":12280,"hostname":"DESKTOP-U7HBUMQ","reqId":"req-1o","res":{"statusCode":204},"responseTime":0.2876999992877245,"msg":"request completed"}
{"level":30,"time":1641564219625,"pid":12280,"hostname":"DESKTOP-U7HBUMQ","reqId":"req-1p","req":{"method":"POST","url":"/boards/16a4ff8a-cab9-44bb-bef5-f9bcfad31c9d/tasks","query":{"/boards/16a4ff8a-cab9-44bb-bef5-f9bcfad31c9d/tasks":null},"parameters":{"boardId":"16a4ff8a-cab9-44bb-bef5-f9bcfad31c9d"},"body":null},"msg":"incoming request"}
{"level":30,"time":1641564219625,"pid":12280,"hostname":"DESKTOP-U7HBUMQ","reqId":"req-1p","body":{"title":"Autotest task","order":0,"description":"Lorem ipsum","userId":null,"boardId":"","columnId":null},"msg":"parsed body"}
{"level":30,"time":1641564219625,"pid":12280,"hostname":"DESKTOP-U7HBUMQ","reqId":"req-1p","res":{"statusCode":201},"responseTime":0.44920000061392784,"msg":"request completed"}
{"level":30,"time":1641564219630,"pid":12280,"hostname":"DESKTOP-U7HBUMQ","reqId":"req-1q","req":{"method":"PUT","url":"/boards/16a4ff8a-cab9-44bb-bef5-f9bcfad31c9d/tasks/2c2af143-a4fb-49e6-8cf8-fd444b16266c","query":{"/boards/16a4ff8a-cab9-44bb-bef5-f9bcfad31c9d/tasks/2c2af143-a4fb-49e6-8cf8-fd444b16266c":null},"parameters":{"boardId":"16a4ff8a-cab9-44bb-bef5-f9bcfad31c9d","taskId":"2c2af143-a4fb-49e6-8cf8-fd444b16266c"},"body":null},"msg":"incoming request"}
{"level":30,"time":1641564219630,"pid":12280,"hostname":"DESKTOP-U7HBUMQ","reqId":"req-1q","body":{"id":"2c2af143-a4fb-49e6-8cf8-fd444b16266c","title":"Autotest updated task","order":0,"description":"Lorem ipsum","userId":null,"boardId":"16a4ff8a-cab9-44bb-bef5-f9bcfad31c9d","columnId":null},"msg":"parsed body"}
{"level":30,"time":1641564219631,"pid":12280,"hostname":"DESKTOP-U7HBUMQ","reqId":"req-1q","res":{"statusCode":200},"responseTime":0.9054999994114041,"msg":"request completed"}
{"level":30,"time":1641564219635,"pid":12280,"hostname":"DESKTOP-U7HBUMQ","reqId":"req-1r","req":{"method":"GET","url":"/boards/16a4ff8a-cab9-44bb-bef5-f9bcfad31c9d/tasks/2c2af143-a4fb-49e6-8cf8-fd444b16266c","query":{"/boards/16a4ff8a-cab9-44bb-bef5-f9bcfad31c9d/tasks/2c2af143-a4fb-49e6-8cf8-fd444b16266c":null},"parameters":{"boardId":"16a4ff8a-cab9-44bb-bef5-f9bcfad31c9d","taskId":"2c2af143-a4fb-49e6-8cf8-fd444b16266c"},"body":null},"msg":"incoming request"}
{"level":30,"time":1641564219636,"pid":12280,"hostname":"DESKTOP-U7HBUMQ","reqId":"req-1r","res":{"statusCode":200},"responseTime":0.28210000041872263,"msg":"request completed"}
{"level":30,"time":1641564219641,"pid":12280,"hostname":"DESKTOP-U7HBUMQ","reqId":"req-1s","req":{"method":"GET","url":"/boards/16a4ff8a-cab9-44bb-bef5-f9bcfad31c9d/tasks/0d6ada9e-0906-4d4d-b686-a91a65e9fc4b","query":{"/boards/16a4ff8a-cab9-44bb-bef5-f9bcfad31c9d/tasks/0d6ada9e-0906-4d4d-b686-a91a65e9fc4b":null},"parameters":{"boardId":"16a4ff8a-cab9-44bb-bef5-f9bcfad31c9d","taskId":"0d6ada9e-0906-4d4d-b686-a91a65e9fc4b"},"body":null},"msg":"incoming request"}
{"level":30,"time":1641564219641,"pid":12280,"hostname":"DESKTOP-U7HBUMQ","reqId":"req-1s","res":{"statusCode":200},"responseTime":0.4216000000014901,"msg":"request completed"}
{"level":30,"time":1641564219645,"pid":12280,"hostname":"DESKTOP-U7HBUMQ","reqId":"req-1t","req":{"method":"DELETE","url":"/boards/16a4ff8a-cab9-44bb-bef5-f9bcfad31c9d/tasks/0d6ada9e-0906-4d4d-b686-a91a65e9fc4b","query":{"/boards/16a4ff8a-cab9-44bb-bef5-f9bcfad31c9d/tasks/0d6ada9e-0906-4d4d-b686-a91a65e9fc4b":null},"parameters":{"boardId":"16a4ff8a-cab9-44bb-bef5-f9bcfad31c9d","taskId":"0d6ada9e-0906-4d4d-b686-a91a65e9fc4b"},"body":null},"msg":"incoming request"}
{"level":30,"time":1641564219645,"pid":12280,"hostname":"DESKTOP-U7HBUMQ","reqId":"req-1t","res":{"statusCode":204},"responseTime":0.2940999995917082,"msg":"request completed"}
{"level":30,"time":1641564219653,"pid":12280,"hostname":"DESKTOP-U7HBUMQ","reqId":"req-1u","req":{"method":"GET","url":"/boards/16a4ff8a-cab9-44bb-bef5-f9bcfad31c9d/tasks/0d6ada9e-0906-4d4d-b686-a91a65e9fc4b","query":{"/boards/16a4ff8a-cab9-44bb-bef5-f9bcfad31c9d/tasks/0d6ada9e-0906-4d4d-b686-a91a65e9fc4b":null},"parameters":{"boardId":"16a4ff8a-cab9-44bb-bef5-f9bcfad31c9d","taskId":"0d6ada9e-0906-4d4d-b686-a91a65e9fc4b"},"body":null},"msg":"incoming request"}
{"level":40,"time":1641564219654,"pid":12280,"hostname":"DESKTOP-U7HBUMQ","reqId":"req-1u","err":{"type":"FastifyError","message":"Reply was already sent.","stack":"FastifyError: Reply was already sent.\n    at _Reply.Reply.send (E:\\RSSchool\\NodeJS\\nodejs2021Q4-service\\node_modules\\fastify\\lib\\reply.js:124:26)\n    at E:\\RSSchool\\NodeJS\\nodejs2021Q4-service\\src\\resources\\tasks\\task.router.ts:35:11\n    at Generator.next (<anonymous>)\n    at E:\\RSSchool\\NodeJS\\nodejs2021Q4-service\\src\\resources\\tasks\\task.router.ts:8:71\n    at new Promise (<anonymous>)\n    at __awaiter (E:\\RSSchool\\NodeJS\\nodejs2021Q4-service\\src\\resources\\tasks\\task.router.ts:4:12)\n    at Object.<anonymous> (E:\\RSSchool\\NodeJS\\nodejs2021Q4-service\\src\\resources\\tasks\\task.router.ts:25:95)\n    at preHandlerCallback (E:\\RSSchool\\NodeJS\\nodejs2021Q4-service\\node_modules\\fastify\\lib\\handleRequest.js:126:28)\n    at next (E:\\RSSchool\\NodeJS\\nodejs2021Q4-service\\node_modules\\fastify\\lib\\hooks.js:158:7)\n    at Object.<anonymous> (E:\\RSSchool\\NodeJS\\nodejs2021Q4-service\\src\\app.ts:16:3)","name":"FastifyError","code":"FST_ERR_REP_ALREADY_SENT","statusCode":500},"msg":"Reply already sent"}
{"level":30,"time":1641564219654,"pid":12280,"hostname":"DESKTOP-U7HBUMQ","reqId":"req-1u","res":{"statusCode":404},"responseTime":0.8402999993413687,"msg":"request completed"}
{"level":30,"time":1641564219658,"pid":12280,"hostname":"DESKTOP-U7HBUMQ","reqId":"req-1v","req":{"method":"DELETE","url":"/boards/16a4ff8a-cab9-44bb-bef5-f9bcfad31c9d","query":{"/boards/16a4ff8a-cab9-44bb-bef5-f9bcfad31c9d":null},"parameters":{"boardId":"16a4ff8a-cab9-44bb-bef5-f9bcfad31c9d"},"body":null},"msg":"incoming request"}
{"level":30,"time":1641564219659,"pid":12280,"hostname":"DESKTOP-U7HBUMQ","reqId":"req-1v","res":{"statusCode":204},"responseTime":0.4638000000268221,"msg":"request completed"}
{"level":30,"time":1641564249013,"pid":7680,"hostname":"DESKTOP-U7HBUMQ","msg":"Server listening at http://0.0.0.0:4000"}
